[0mCompiling "resources/public/js/main.js" from ["src/cljs"]...
Copying jar:file:/Users/lbuckley/.m2/repository/reagent/reagent/0.5.1/reagent-0.5.1.jar!/reagent/interop.cljs to resources/public/js/reagent/interop.cljs
Compiling resources/public/js/reagent/interop.cljs
Copying jar:file:/Users/lbuckley/.m2/repository/reagent/reagent/0.5.1/reagent-0.5.1.jar!/reagent/debug.cljs to resources/public/js/reagent/debug.cljs
Compiling resources/public/js/reagent/debug.cljs
Copying jar:file:/Users/lbuckley/.m2/repository/reagent/reagent/0.5.1/reagent-0.5.1.jar!/reagent/impl/util.cljs to resources/public/js/reagent/impl/util.cljs
Compiling resources/public/js/reagent/impl/util.cljs
Reading analysis cache for jar:file:/Users/lbuckley/.m2/repository/reagent/reagent/0.5.1/reagent-0.5.1.jar!/reagent/interop.cljs
Reading analysis cache for jar:file:/Users/lbuckley/.m2/repository/reagent/reagent/0.5.1/reagent-0.5.1.jar!/reagent/debug.cljs
Copying jar:file:/Users/lbuckley/.m2/repository/reagent/reagent/0.5.1/reagent-0.5.1.jar!/reagent/ratom.cljs to resources/public/js/reagent/ratom.cljs
Compiling resources/public/js/reagent/ratom.cljs
Reading analysis cache for jar:file:/Users/lbuckley/.m2/repository/reagent/reagent/0.5.1/reagent-0.5.1.jar!/reagent/debug.cljs
Compiling src/cljs/chatapp/core.cljs
WARNING: Use of undeclared Var chatapp.core/upated at line 8 src/cljs/chatapp/core.cljs
Compiling target/figwheel_temp/dev/figwheel/connect.cljs
Copying file:/Users/lbuckley/Development/chatapp/src/cljs/chatapp/core.cljs to resources/public/js/chatapp/core.cljs
notifying browser that file changed:  resources/public/js/goog/deps.js
notifying browser that file changed:  resources/public/js/cljs_deps.js
notifying browser that file changed:  out/chatapp/core.js
[32mSuccessfully compiled "resources/public/js/main.js" in 0.925 seconds.[0m
[0mCompiling "resources/public/js/main.js" from ["src/cljs"]...
Compiling src/cljs/chatapp/core.cljs
WARNING: Use of undeclared Var chatapp.core/upated at line 8 src/cljs/chatapp/core.cljs
WARNING: Use of undeclared Var reagent.ratom/render-component at line 34 src/cljs/chatapp/core.cljs
Compiling target/figwheel_temp/dev/figwheel/connect.cljs
Copying file:/Users/lbuckley/Development/chatapp/src/cljs/chatapp/core.cljs to resources/public/js/chatapp/core.cljs
notifying browser that file changed:  out/chatapp/core.js
[32mSuccessfully compiled "resources/public/js/main.js" in 0.413 seconds.[0m
[0mCompiling "resources/public/js/main.js" from ["src/cljs"]...
Compiling src/cljs/chatapp/core.cljs
WARNING: Use of undeclared Var chatapp.core/upated at line 8 src/cljs/chatapp/core.cljs
WARNING: Use of undeclared Var reagent.ratom/render-component at line 34 src/cljs/chatapp/core.cljs
Compiling target/figwheel_temp/dev/figwheel/connect.cljs
Copying file:/Users/lbuckley/Development/chatapp/src/cljs/chatapp/core.cljs to resources/public/js/chatapp/core.cljs
notifying browser that file changed:  out/chatapp/core.js
[32mSuccessfully compiled "resources/public/js/main.js" in 0.369 seconds.[0m
[0mCompiling "resources/public/js/main.js" from ["src/cljs"]...
Compiling src/cljs/chatapp/core.cljs
WARNING: Use of undeclared Var chatapp.core/upated at line 8 src/cljs/chatapp/core.cljs
WARNING: Use of undeclared Var reagent.ratom/render-component at line 34 src/cljs/chatapp/core.cljs
Compiling target/figwheel_temp/dev/figwheel/connect.cljs
Copying file:/Users/lbuckley/Development/chatapp/src/cljs/chatapp/core.cljs to resources/public/js/chatapp/core.cljs
notifying browser that file changed:  out/chatapp/core.js
[32mSuccessfully compiled "resources/public/js/main.js" in 0.373 seconds.[0m
[0mCompiling "resources/public/js/main.js" from ["src/cljs"]...
Compiling src/cljs/chatapp/core.cljs
WARNING: Use of undeclared Var chatapp.core/upated at line 8 src/cljs/chatapp/core.cljs
WARNING: Use of undeclared Var reagent.ratom/render-component at line 34 src/cljs/chatapp/core.cljs
Compiling target/figwheel_temp/dev/figwheel/connect.cljs
Copying file:/Users/lbuckley/Development/chatapp/src/cljs/chatapp/core.cljs to resources/public/js/chatapp/core.cljs
notifying browser that file changed:  out/chatapp/core.js
[32mSuccessfully compiled "resources/public/js/main.js" in 0.365 seconds.[0m
[0mCompiling "resources/public/js/main.js" from ["src/cljs"]...
Compiling src/cljs/chatapp/core.cljs
WARNING: Use of undeclared Var chatapp.core/upated at line 8 src/cljs/chatapp/core.cljs
WARNING: Use of undeclared Var reagent.ratom/render-component at line 34 src/cljs/chatapp/core.cljs
Compiling target/figwheel_temp/dev/figwheel/connect.cljs
Copying file:/Users/lbuckley/Development/chatapp/src/cljs/chatapp/core.cljs to resources/public/js/chatapp/core.cljs
notifying browser that file changed:  out/chatapp/core.js
[32mSuccessfully compiled "resources/public/js/main.js" in 0.43 seconds.[0m
[0mCompiling "resources/public/js/main.js" from ["src/cljs"]...
Compiling src/cljs/chatapp/core.cljs
WARNING: Use of undeclared Var chatapp.core/upated at line 8 src/cljs/chatapp/core.cljs
WARNING: Use of undeclared Var reagent.ratom/render-component at line 34 src/cljs/chatapp/core.cljs
Compiling target/figwheel_temp/dev/figwheel/connect.cljs
Copying file:/Users/lbuckley/Development/chatapp/src/cljs/chatapp/core.cljs to resources/public/js/chatapp/core.cljs
notifying browser that file changed:  out/chatapp/core.js
[32mSuccessfully compiled "resources/public/js/main.js" in 0.354 seconds.[0m
[0mCompiling "resources/public/js/main.js" from ["src/cljs"]...
Compiling src/cljs/chatapp/core.cljs
WARNING: Use of undeclared Var reagent.ratom/render-component at line 34 src/cljs/chatapp/core.cljs
Compiling target/figwheel_temp/dev/figwheel/connect.cljs
Copying file:/Users/lbuckley/Development/chatapp/src/cljs/chatapp/core.cljs to resources/public/js/chatapp/core.cljs
notifying browser that file changed:  out/chatapp/core.js
[32mSuccessfully compiled "resources/public/js/main.js" in 0.33 seconds.[0m
[0mCompiling "resources/public/js/main.js" from ["src/cljs"]...
Copying jar:file:/Users/lbuckley/.m2/repository/reagent/reagent/0.5.1/reagent-0.5.1.jar!/reagent/impl/batching.cljs to resources/public/js/reagent/impl/batching.cljs
Compiling resources/public/js/reagent/impl/batching.cljs
Reading analysis cache for jar:file:/Users/lbuckley/.m2/repository/reagent/reagent/0.5.1/reagent-0.5.1.jar!/reagent/interop.cljs
Reading analysis cache for jar:file:/Users/lbuckley/.m2/repository/reagent/reagent/0.5.1/reagent-0.5.1.jar!/reagent/debug.cljs
Copying jar:file:/Users/lbuckley/.m2/repository/reagent/reagent/0.5.1/reagent-0.5.1.jar!/reagent/impl/component.cljs to resources/public/js/reagent/impl/component.cljs
Compiling resources/public/js/reagent/impl/component.cljs
Reading analysis cache for jar:file:/Users/lbuckley/.m2/repository/reagent/reagent/0.5.1/reagent-0.5.1.jar!/reagent/interop.cljs
Reading analysis cache for jar:file:/Users/lbuckley/.m2/repository/reagent/reagent/0.5.1/reagent-0.5.1.jar!/reagent/debug.cljs
Copying jar:file:/Users/lbuckley/.m2/repository/reagent/reagent/0.5.1/reagent-0.5.1.jar!/reagent/impl/template.cljs to resources/public/js/reagent/impl/template.cljs
Compiling resources/public/js/reagent/impl/template.cljs
Reading analysis cache for jar:file:/Users/lbuckley/.m2/repository/reagent/reagent/0.5.1/reagent-0.5.1.jar!/reagent/interop.cljs
Reading analysis cache for jar:file:/Users/lbuckley/.m2/repository/reagent/reagent/0.5.1/reagent-0.5.1.jar!/reagent/debug.cljs
Copying jar:file:/Users/lbuckley/.m2/repository/reagent/reagent/0.5.1/reagent-0.5.1.jar!/reagent/core.cljs to resources/public/js/reagent/core.cljs
Compiling resources/public/js/reagent/core.cljs
Reading analysis cache for jar:file:/Users/lbuckley/.m2/repository/reagent/reagent/0.5.1/reagent-0.5.1.jar!/reagent/interop.cljs
Reading analysis cache for jar:file:/Users/lbuckley/.m2/repository/reagent/reagent/0.5.1/reagent-0.5.1.jar!/reagent/debug.cljs
Compiling src/cljs/chatapp/core.cljs
Compiling target/figwheel_temp/dev/figwheel/connect.cljs
Copying jar:file:/Users/lbuckley/.m2/repository/cljsjs/react/0.13.3-1/react-0.13.3-1.jar!/cljsjs/react/development/react.inc.js to resources/public/js/react.inc.js
Copying file:/Users/lbuckley/Development/chatapp/src/cljs/chatapp/core.cljs to resources/public/js/chatapp/core.cljs
notifying browser that file changed:  resources/public/js/cljs_deps.js
notifying browser that file changed:  out/chatapp/core.js
[32mSuccessfully compiled "resources/public/js/main.js" in 1.072 seconds.[0m
[0mCompiling "resources/public/js/main.js" from ["src/cljs"]...
Compiling src/cljs/chatapp/core.cljs
Compiling target/figwheel_temp/dev/figwheel/connect.cljs
Copying file:/Users/lbuckley/Development/chatapp/src/cljs/chatapp/core.cljs to resources/public/js/chatapp/core.cljs
notifying browser that file changed:  out/chatapp/core.js
[32mSuccessfully compiled "resources/public/js/main.js" in 0.317 seconds.[0m
[0mCompiling "resources/public/js/main.js" from ["src/cljs"]...
Compiling src/cljs/chatapp/core.cljs
Compiling target/figwheel_temp/dev/figwheel/connect.cljs
Copying file:/Users/lbuckley/Development/chatapp/src/cljs/chatapp/core.cljs to resources/public/js/chatapp/core.cljs
notifying browser that file changed:  out/chatapp/core.js
[32mSuccessfully compiled "resources/public/js/main.js" in 0.325 seconds.[0m
[0mCompiling "resources/public/js/main.js" from ["src/cljs"]...
Compiling src/cljs/chatapp/core.cljs
Compiling target/figwheel_temp/dev/figwheel/connect.cljs
Copying file:/Users/lbuckley/Development/chatapp/src/cljs/chatapp/core.cljs to resources/public/js/chatapp/core.cljs
notifying browser that file changed:  out/chatapp/core.js
[32mSuccessfully compiled "resources/public/js/main.js" in 0.285 seconds.[0m
[0mCompiling "resources/public/js/main.js" from ["src/cljs"]...
Compiling src/cljs/chatapp/core.cljs
Compiling target/figwheel_temp/dev/figwheel/connect.cljs
Copying file:/Users/lbuckley/Development/chatapp/src/cljs/chatapp/core.cljs to resources/public/js/chatapp/core.cljs
notifying browser that file changed:  out/chatapp/core.js
[32mSuccessfully compiled "resources/public/js/main.js" in 0.344 seconds.[0m
[0mCompiling "resources/public/js/main.js" from ["src/cljs"]...
Compiling src/cljs/chatapp/core.cljs
Compiling target/figwheel_temp/dev/figwheel/connect.cljs
Copying file:/Users/lbuckley/Development/chatapp/src/cljs/chatapp/core.cljs to resources/public/js/chatapp/core.cljs
notifying browser that file changed:  out/chatapp/core.js
[32mSuccessfully compiled "resources/public/js/main.js" in 0.321 seconds.[0m
[0mCompiling "resources/public/js/main.js" from ["src/cljs"]...
Compiling src/cljs/chatapp/core.cljs
Compiling target/figwheel_temp/dev/figwheel/connect.cljs
Copying file:/Users/lbuckley/Development/chatapp/src/cljs/chatapp/core.cljs to resources/public/js/chatapp/core.cljs
notifying browser that file changed:  out/chatapp/core.js
[32mSuccessfully compiled "resources/public/js/main.js" in 0.313 seconds.[0m
[0mCompiling "resources/public/js/main.js" from ["src/cljs"]...
Compiling src/cljs/chatapp/core.cljs
Compiling target/figwheel_temp/dev/figwheel/connect.cljs
Copying file:/Users/lbuckley/Development/chatapp/src/cljs/chatapp/core.cljs to resources/public/js/chatapp/core.cljs
notifying browser that file changed:  out/chatapp/core.js
[32mSuccessfully compiled "resources/public/js/main.js" in 0.291 seconds.[0m
[0mCompiling "resources/public/js/main.js" from ["src/cljs"]...
Compiling src/cljs/chatapp/core.cljs
Compiling target/figwheel_temp/dev/figwheel/connect.cljs
Copying file:/Users/lbuckley/Development/chatapp/src/cljs/chatapp/core.cljs to resources/public/js/chatapp/core.cljs
notifying browser that file changed:  out/chatapp/core.js
[32mSuccessfully compiled "resources/public/js/main.js" in 0.293 seconds.[0m
[0mCompiling "resources/public/js/main.js" from ["src/cljs"]...
Compiling src/cljs/chatapp/core.cljs
Compiling target/figwheel_temp/dev/figwheel/connect.cljs
Copying file:/Users/lbuckley/Development/chatapp/src/cljs/chatapp/core.cljs to resources/public/js/chatapp/core.cljs
notifying browser that file changed:  out/chatapp/core.js
[32mSuccessfully compiled "resources/public/js/main.js" in 0.297 seconds.[0m
[0mCompiling "resources/public/js/main.js" from ["src/cljs"]...
Compiling src/cljs/chatapp/core.cljs
Compiling target/figwheel_temp/dev/figwheel/connect.cljs
Copying file:/Users/lbuckley/Development/chatapp/src/cljs/chatapp/core.cljs to resources/public/js/chatapp/core.cljs
notifying browser that file changed:  out/chatapp/core.js
[32mSuccessfully compiled "resources/public/js/main.js" in 0.291 seconds.[0m
[0mCompiling "resources/public/js/main.js" from ["src/cljs"]...
Compiling src/cljs/chatapp/core.cljs
Compiling target/figwheel_temp/dev/figwheel/connect.cljs
Copying file:/Users/lbuckley/Development/chatapp/src/cljs/chatapp/core.cljs to resources/public/js/chatapp/core.cljs
notifying browser that file changed:  out/chatapp/core.js
[32mSuccessfully compiled "resources/public/js/main.js" in 0.338 seconds.[0m
[0mCompiling "resources/public/js/main.js" from ["src/cljs"]...
Compiling src/cljs/chatapp/core.cljs
Compiling target/figwheel_temp/dev/figwheel/connect.cljs
Copying file:/Users/lbuckley/Development/chatapp/src/cljs/chatapp/core.cljs to resources/public/js/chatapp/core.cljs
notifying browser that file changed:  out/chatapp/core.js
[32mSuccessfully compiled "resources/public/js/main.js" in 0.294 seconds.[0m
[0mCompiling "resources/public/js/main.js" from ["src/cljs"]...
Compiling src/cljs/chatapp/core.cljs
Compiling target/figwheel_temp/dev/figwheel/connect.cljs
Copying file:/Users/lbuckley/Development/chatapp/src/cljs/chatapp/core.cljs to resources/public/js/chatapp/core.cljs
notifying browser that file changed:  out/chatapp/core.js
[32mSuccessfully compiled "resources/public/js/main.js" in 0.303 seconds.[0m
[0mCompiling "resources/public/js/main.js" from ["src/cljs"]...
Compiling src/cljs/chatapp/core.cljs
Compiling target/figwheel_temp/dev/figwheel/connect.cljs
Copying file:/Users/lbuckley/Development/chatapp/src/cljs/chatapp/core.cljs to resources/public/js/chatapp/core.cljs
notifying browser that file changed:  out/chatapp/core.js
[32mSuccessfully compiled "resources/public/js/main.js" in 0.293 seconds.[0m
[0mCompiling "resources/public/js/main.js" from ["src/cljs"]...
Compiling src/cljs/chatapp/core.cljs
Compiling target/figwheel_temp/dev/figwheel/connect.cljs
Copying file:/Users/lbuckley/Development/chatapp/src/cljs/chatapp/core.cljs to resources/public/js/chatapp/core.cljs
notifying browser that file changed:  out/chatapp/core.js
[32mSuccessfully compiled "resources/public/js/main.js" in 0.297 seconds.[0m
[0mCompiling "resources/public/js/main.js" from ["src/cljs"]...
Compiling src/cljs/chatapp/core.cljs
Compiling target/figwheel_temp/dev/figwheel/connect.cljs
Copying file:/Users/lbuckley/Development/chatapp/src/cljs/chatapp/core.cljs to resources/public/js/chatapp/core.cljs
notifying browser that file changed:  out/chatapp/core.js
[32mSuccessfully compiled "resources/public/js/main.js" in 0.374 seconds.[0m
[0mCompiling "resources/public/js/main.js" from ["src/cljs"]...
Compiling src/cljs/chatapp/core.cljs
Compiling target/figwheel_temp/dev/figwheel/connect.cljs
Copying file:/Users/lbuckley/Development/chatapp/src/cljs/chatapp/core.cljs to resources/public/js/chatapp/core.cljs
notifying browser that file changed:  out/chatapp/core.js
[32mSuccessfully compiled "resources/public/js/main.js" in 0.308 seconds.[0m
[0mCompiling "resources/public/js/main.js" from ["src/cljs"]...
Compiling src/cljs/chatapp/core.cljs
Compiling target/figwheel_temp/dev/figwheel/connect.cljs
Copying file:/Users/lbuckley/Development/chatapp/src/cljs/chatapp/core.cljs to resources/public/js/chatapp/core.cljs
notifying browser that file changed:  out/chatapp/core.js
[32mSuccessfully compiled "resources/public/js/main.js" in 0.293 seconds.[0m
[0mCompiling "resources/public/js/main.js" from ["src/cljs"]...
Compiling src/cljs/chatapp/core.cljs
Compiling target/figwheel_temp/dev/figwheel/connect.cljs
Copying file:/Users/lbuckley/Development/chatapp/src/cljs/chatapp/core.cljs to resources/public/js/chatapp/core.cljs
notifying browser that file changed:  out/chatapp/core.js
[32mSuccessfully compiled "resources/public/js/main.js" in 0.292 seconds.[0m
[0mCompiling "resources/public/js/main.js" from ["src/cljs"]...
Compiling src/cljs/chatapp/core.cljs
Compiling target/figwheel_temp/dev/figwheel/connect.cljs
Copying file:/Users/lbuckley/Development/chatapp/src/cljs/chatapp/core.cljs to resources/public/js/chatapp/core.cljs
notifying browser that file changed:  out/chatapp/core.js
[32mSuccessfully compiled "resources/public/js/main.js" in 0.317 seconds.[0m
[0mCompiling "resources/public/js/main.js" from ["src/cljs"]...
Compiling src/cljs/chatapp/core.cljs
WARNING: Use of undeclared Var chatapp.core/% at line 31 src/cljs/chatapp/core.cljs
Compiling target/figwheel_temp/dev/figwheel/connect.cljs
Copying file:/Users/lbuckley/Development/chatapp/src/cljs/chatapp/core.cljs to resources/public/js/chatapp/core.cljs
notifying browser that file changed:  out/chatapp/core.js
[32mSuccessfully compiled "resources/public/js/main.js" in 0.331 seconds.[0m
[0mCompiling "resources/public/js/main.js" from ["src/cljs"]...
Compiling src/cljs/chatapp/core.cljs
Compiling target/figwheel_temp/dev/figwheel/connect.cljs
Copying file:/Users/lbuckley/Development/chatapp/src/cljs/chatapp/core.cljs to resources/public/js/chatapp/core.cljs
notifying browser that file changed:  out/chatapp/core.js
[32mSuccessfully compiled "resources/public/js/main.js" in 0.297 seconds.[0m
[0mCompiling "resources/public/js/main.js" from ["src/cljs"]...
Compiling src/cljs/chatapp/core.cljs
Compiling target/figwheel_temp/dev/figwheel/connect.cljs
Copying file:/Users/lbuckley/Development/chatapp/src/cljs/chatapp/core.cljs to resources/public/js/chatapp/core.cljs
notifying browser that file changed:  out/chatapp/core.js
[32mSuccessfully compiled "resources/public/js/main.js" in 0.296 seconds.[0m
[0mCompiling "resources/public/js/main.js" from ["src/cljs"]...
Compiling src/cljs/chatapp/core.cljs
Compiling target/figwheel_temp/dev/figwheel/connect.cljs
Copying file:/Users/lbuckley/Development/chatapp/src/cljs/chatapp/core.cljs to resources/public/js/chatapp/core.cljs
notifying browser that file changed:  out/chatapp/core.js
[32mSuccessfully compiled "resources/public/js/main.js" in 0.361 seconds.[0m
[0mCompiling "resources/public/js/main.js" from ["src/cljs"]...
Copying jar:file:/Users/lbuckley/.m2/repository/org/clojure/tools.reader/1.0.0-beta3/tools.reader-1.0.0-beta3.jar!/cljs/tools/reader/impl/utils.cljs to resources/public/js/cljs/tools/reader/impl/utils.cljs
Compiling resources/public/js/cljs/tools/reader/impl/utils.cljs
Copying jar:file:/Users/lbuckley/.m2/repository/org/clojure/tools.reader/1.0.0-beta3/tools.reader-1.0.0-beta3.jar!/cljs/tools/reader/reader_types.cljs to resources/public/js/cljs/tools/reader/reader_types.cljs
Compiling resources/public/js/cljs/tools/reader/reader_types.cljs
Copying jar:file:/Users/lbuckley/.m2/repository/org/clojure/tools.reader/1.0.0-beta3/tools.reader-1.0.0-beta3.jar!/cljs/tools/reader/impl/commons.cljs to resources/public/js/cljs/tools/reader/impl/commons.cljs
Compiling resources/public/js/cljs/tools/reader/impl/commons.cljs
Copying jar:file:/Users/lbuckley/.m2/repository/org/clojure/tools.reader/1.0.0-beta3/tools.reader-1.0.0-beta3.jar!/cljs/tools/reader.cljs to resources/public/js/cljs/tools/reader.cljs
Compiling resources/public/js/cljs/tools/reader.cljs
Copying jar:file:/Users/lbuckley/.m2/repository/org/clojure/tools.reader/1.0.0-beta3/tools.reader-1.0.0-beta3.jar!/cljs/tools/reader/edn.cljs to resources/public/js/cljs/tools/reader/edn.cljs
Compiling resources/public/js/cljs/tools/reader/edn.cljs
Copying jar:file:/Users/lbuckley/.m2/repository/com/taoensso/truss/1.3.3/truss-1.3.3.jar!/taoensso/truss/impl.cljs to resources/public/js/taoensso/truss/impl.cljs
Compiling resources/public/js/taoensso/truss/impl.cljs
Copying jar:file:/Users/lbuckley/.m2/repository/com/taoensso/truss/1.3.3/truss-1.3.3.jar!/taoensso/truss.cljs to resources/public/js/taoensso/truss.cljs
Compiling resources/public/js/taoensso/truss.cljs
Copying jar:file:/Users/lbuckley/.m2/repository/org/clojure/clojurescript/1.9.229/clojurescript-1.9.229.jar!/cljs/test.cljs to resources/public/js/cljs/test.cljs
Compiling resources/public/js/cljs/test.cljs
Copying jar:file:/Users/lbuckley/.m2/repository/com/taoensso/encore/2.67.1/encore-2.67.1.jar!/taoensso/encore.cljs to resources/public/js/taoensso/encore.cljs
Compiling resources/public/js/taoensso/encore.cljs
Copying jar:file:/Users/lbuckley/.m2/repository/com/taoensso/timbre/4.7.2/timbre-4.7.2.jar!/taoensso/timbre/appenders/core.cljs to resources/public/js/taoensso/timbre/appenders/core.cljs
Compiling resources/public/js/taoensso/timbre/appenders/core.cljs
Copying jar:file:/Users/lbuckley/.m2/repository/com/taoensso/timbre/4.7.2/timbre-4.7.2.jar!/taoensso/timbre.cljs to resources/public/js/taoensso/timbre.cljs
Compiling resources/public/js/taoensso/timbre.cljs
Copying jar:file:/Users/lbuckley/.m2/repository/com/taoensso/sente/1.10.0/sente-1.10.0.jar!/taoensso/sente/interfaces.cljc to resources/public/js/taoensso/sente/interfaces.cljc
Compiling resources/public/js/taoensso/sente/interfaces.cljc
Copying jar:file:/Users/lbuckley/.m2/repository/com/taoensso/sente/1.10.0/sente-1.10.0.jar!/taoensso/sente.cljc to resources/public/js/taoensso/sente.cljc
Compiling resources/public/js/taoensso/sente.cljc
Compiling src/cljs/chatapp/core.cljs
Compiling target/figwheel_temp/dev/figwheel/connect.cljs
Copying jar:file:/Users/lbuckley/.m2/repository/org/clojure/google-closure-library/0.0-20160609-f42b4a24/google-closure-library-0.0-20160609-f42b4a24.jar!/goog/disposable/idisposable.js to resources/public/js/goog/disposable/idisposable.js
Copying jar:file:/Users/lbuckley/.m2/repository/org/clojure/google-closure-library/0.0-20160609-f42b4a24/google-closure-library-0.0-20160609-f42b4a24.jar!/goog/disposable/disposable.js to resources/public/js/goog/disposable/disposable.js
Copying jar:file:/Users/lbuckley/.m2/repository/org/clojure/google-closure-library/0.0-20160609-f42b4a24/google-closure-library-0.0-20160609-f42b4a24.jar!/goog/events/browserfeature.js to resources/public/js/goog/events/browserfeature.js
Copying jar:file:/Users/lbuckley/.m2/repository/org/clojure/google-closure-library/0.0-20160609-f42b4a24/google-closure-library-0.0-20160609-f42b4a24.jar!/goog/events/eventid.js to resources/public/js/goog/events/eventid.js
Copying jar:file:/Users/lbuckley/.m2/repository/org/clojure/google-closure-library/0.0-20160609-f42b4a24/google-closure-library-0.0-20160609-f42b4a24.jar!/goog/events/event.js to resources/public/js/goog/events/event.js
Copying jar:file:/Users/lbuckley/.m2/repository/org/clojure/google-closure-library/0.0-20160609-f42b4a24/google-closure-library-0.0-20160609-f42b4a24.jar!/goog/events/eventtype.js to resources/public/js/goog/events/eventtype.js
Copying jar:file:/Users/lbuckley/.m2/repository/org/clojure/google-closure-library/0.0-20160609-f42b4a24/google-closure-library-0.0-20160609-f42b4a24.jar!/goog/events/browserevent.js to resources/public/js/goog/events/browserevent.js
Copying jar:file:/Users/lbuckley/.m2/repository/org/clojure/google-closure-library/0.0-20160609-f42b4a24/google-closure-library-0.0-20160609-f42b4a24.jar!/goog/events/listenable.js to resources/public/js/goog/events/listenable.js
Copying jar:file:/Users/lbuckley/.m2/repository/org/clojure/google-closure-library/0.0-20160609-f42b4a24/google-closure-library-0.0-20160609-f42b4a24.jar!/goog/events/listener.js to resources/public/js/goog/events/listener.js
Copying jar:file:/Users/lbuckley/.m2/repository/org/clojure/google-closure-library/0.0-20160609-f42b4a24/google-closure-library-0.0-20160609-f42b4a24.jar!/goog/events/listenermap.js to resources/public/js/goog/events/listenermap.js
Copying jar:file:/Users/lbuckley/.m2/repository/org/clojure/google-closure-library/0.0-20160609-f42b4a24/google-closure-library-0.0-20160609-f42b4a24.jar!/goog/events/events.js to resources/public/js/goog/events/events.js
Copying jar:file:/Users/lbuckley/.m2/repository/org/clojure/google-closure-library/0.0-20160609-f42b4a24/google-closure-library-0.0-20160609-f42b4a24.jar!/goog/events/eventtarget.js to resources/public/js/goog/events/eventtarget.js
Copying jar:file:/Users/lbuckley/.m2/repository/org/clojure/google-closure-library/0.0-20160609-f42b4a24/google-closure-library-0.0-20160609-f42b4a24.jar!/goog/timer/timer.js to resources/public/js/goog/timer/timer.js
Copying jar:file:/Users/lbuckley/.m2/repository/org/clojure/google-closure-library/0.0-20160609-f42b4a24/google-closure-library-0.0-20160609-f42b4a24.jar!/goog/json/json.js to resources/public/js/goog/json/json.js
Copying jar:file:/Users/lbuckley/.m2/repository/org/clojure/google-closure-library/0.0-20160609-f42b4a24/google-closure-library-0.0-20160609-f42b4a24.jar!/goog/structs/collection.js to resources/public/js/goog/structs/collection.js
Copying jar:file:/Users/lbuckley/.m2/repository/org/clojure/google-closure-library/0.0-20160609-f42b4a24/google-closure-library-0.0-20160609-f42b4a24.jar!/goog/structs/set.js to resources/public/js/goog/structs/set.js
Copying jar:file:/Users/lbuckley/.m2/repository/org/clojure/google-closure-library/0.0-20160609-f42b4a24/google-closure-library-0.0-20160609-f42b4a24.jar!/goog/debug/debug.js to resources/public/js/goog/debug/debug.js
Copying jar:file:/Users/lbuckley/.m2/repository/org/clojure/google-closure-library/0.0-20160609-f42b4a24/google-closure-library-0.0-20160609-f42b4a24.jar!/goog/debug/logrecord.js to resources/public/js/goog/debug/logrecord.js
Copying jar:file:/Users/lbuckley/.m2/repository/org/clojure/google-closure-library/0.0-20160609-f42b4a24/google-closure-library-0.0-20160609-f42b4a24.jar!/goog/debug/logbuffer.js to resources/public/js/goog/debug/logbuffer.js
Copying jar:file:/Users/lbuckley/.m2/repository/org/clojure/google-closure-library/0.0-20160609-f42b4a24/google-closure-library-0.0-20160609-f42b4a24.jar!/goog/debug/logger.js to resources/public/js/goog/debug/logger.js
Copying jar:file:/Users/lbuckley/.m2/repository/org/clojure/google-closure-library/0.0-20160609-f42b4a24/google-closure-library-0.0-20160609-f42b4a24.jar!/goog/log/log.js to resources/public/js/goog/log/log.js
Copying jar:file:/Users/lbuckley/.m2/repository/org/clojure/google-closure-library/0.0-20160609-f42b4a24/google-closure-library-0.0-20160609-f42b4a24.jar!/goog/net/errorcode.js to resources/public/js/goog/net/errorcode.js
Copying jar:file:/Users/lbuckley/.m2/repository/org/clojure/google-closure-library/0.0-20160609-f42b4a24/google-closure-library-0.0-20160609-f42b4a24.jar!/goog/net/eventtype.js to resources/public/js/goog/net/eventtype.js
Copying jar:file:/Users/lbuckley/.m2/repository/org/clojure/google-closure-library/0.0-20160609-f42b4a24/google-closure-library-0.0-20160609-f42b4a24.jar!/goog/net/httpstatus.js to resources/public/js/goog/net/httpstatus.js
Copying jar:file:/Users/lbuckley/.m2/repository/org/clojure/google-closure-library/0.0-20160609-f42b4a24/google-closure-library-0.0-20160609-f42b4a24.jar!/goog/net/xhrlike.js to resources/public/js/goog/net/xhrlike.js
Copying jar:file:/Users/lbuckley/.m2/repository/org/clojure/google-closure-library/0.0-20160609-f42b4a24/google-closure-library-0.0-20160609-f42b4a24.jar!/goog/net/xmlhttpfactory.js to resources/public/js/goog/net/xmlhttpfactory.js
Copying jar:file:/Users/lbuckley/.m2/repository/org/clojure/google-closure-library/0.0-20160609-f42b4a24/google-closure-library-0.0-20160609-f42b4a24.jar!/goog/net/wrapperxmlhttpfactory.js to resources/public/js/goog/net/wrapperxmlhttpfactory.js
Copying jar:file:/Users/lbuckley/.m2/repository/org/clojure/google-closure-library/0.0-20160609-f42b4a24/google-closure-library-0.0-20160609-f42b4a24.jar!/goog/net/xmlhttp.js to resources/public/js/goog/net/xmlhttp.js
Copying jar:file:/Users/lbuckley/.m2/repository/org/clojure/google-closure-library/0.0-20160609-f42b4a24/google-closure-library-0.0-20160609-f42b4a24.jar!/goog/net/xhrio.js to resources/public/js/goog/net/xhrio.js
Copying jar:file:/Users/lbuckley/.m2/repository/org/clojure/google-closure-library/0.0-20160609-f42b4a24/google-closure-library-0.0-20160609-f42b4a24.jar!/goog/structs/queue.js to resources/public/js/goog/structs/queue.js
Copying jar:file:/Users/lbuckley/.m2/repository/org/clojure/google-closure-library/0.0-20160609-f42b4a24/google-closure-library-0.0-20160609-f42b4a24.jar!/goog/structs/pool.js to resources/public/js/goog/structs/pool.js
Copying jar:file:/Users/lbuckley/.m2/repository/org/clojure/google-closure-library/0.0-20160609-f42b4a24/google-closure-library-0.0-20160609-f42b4a24.jar!/goog/structs/node.js to resources/public/js/goog/structs/node.js
Copying jar:file:/Users/lbuckley/.m2/repository/org/clojure/google-closure-library/0.0-20160609-f42b4a24/google-closure-library-0.0-20160609-f42b4a24.jar!/goog/structs/heap.js to resources/public/js/goog/structs/heap.js
Copying jar:file:/Users/lbuckley/.m2/repository/org/clojure/google-closure-library/0.0-20160609-f42b4a24/google-closure-library-0.0-20160609-f42b4a24.jar!/goog/structs/priorityqueue.js to resources/public/js/goog/structs/priorityqueue.js
Copying jar:file:/Users/lbuckley/.m2/repository/org/clojure/google-closure-library/0.0-20160609-f42b4a24/google-closure-library-0.0-20160609-f42b4a24.jar!/goog/structs/prioritypool.js to resources/public/js/goog/structs/prioritypool.js
Copying jar:file:/Users/lbuckley/.m2/repository/org/clojure/google-closure-library/0.0-20160609-f42b4a24/google-closure-library-0.0-20160609-f42b4a24.jar!/goog/net/xhriopool.js to resources/public/js/goog/net/xhriopool.js
Copying jar:file:/Users/lbuckley/.m2/repository/org/clojure/google-closure-library/0.0-20160609-f42b4a24/google-closure-library-0.0-20160609-f42b4a24.jar!/goog/string/stringformat.js to resources/public/js/goog/string/stringformat.js
Copying file:/Users/lbuckley/Development/chatapp/src/cljs/chatapp/core.cljs to resources/public/js/chatapp/core.cljs
notifying browser that file changed:  resources/public/js/goog/deps.js
notifying browser that file changed:  resources/public/js/cljs_deps.js
notifying browser that file changed:  out/chatapp/core.js
[32mSuccessfully compiled "resources/public/js/main.js" in 10.206 seconds.[0m
[0mCompiling "resources/public/js/main.js" from ["src/cljs"]...
Compiling src/cljs/chatapp/core.cljs
WARNING: Use of undeclared Var chatapp.core/chsk-recv at line 29 src/cljs/chatapp/core.cljs
Compiling target/figwheel_temp/dev/figwheel/connect.cljs
Copying file:/Users/lbuckley/Development/chatapp/src/cljs/chatapp/core.cljs to resources/public/js/chatapp/core.cljs
notifying browser that file changed:  out/chatapp/core.js
[32mSuccessfully compiled "resources/public/js/main.js" in 0.596 seconds.[0m
[0mCompiling "resources/public/js/main.js" from ["src/cljs"]...
Compiling src/cljs/chatapp/core.cljs
WARNING: Use of undeclared Var chatapp.core/chsk-recv at line 29 src/cljs/chatapp/core.cljs
Compiling target/figwheel_temp/dev/figwheel/connect.cljs
Copying file:/Users/lbuckley/Development/chatapp/src/cljs/chatapp/core.cljs to resources/public/js/chatapp/core.cljs
notifying browser that file changed:  out/chatapp/core.js
[32mSuccessfully compiled "resources/public/js/main.js" in 0.459 seconds.[0m
[0mCompiling "resources/public/js/main.js" from ["src/cljs"]...
Compiling src/cljs/chatapp/core.cljs
Compiling target/figwheel_temp/dev/figwheel/connect.cljs
Copying file:/Users/lbuckley/Development/chatapp/src/cljs/chatapp/core.cljs to resources/public/js/chatapp/core.cljs
notifying browser that file changed:  out/chatapp/core.js
[32mSuccessfully compiled "resources/public/js/main.js" in 0.418 seconds.[0m
[0mCompiling "resources/public/js/main.js" from ["src/cljs"]...[0m
Compiling src/cljs/chatapp/core.cljs
Copying file:/Users/lbuckley/Development/chatapp/src/cljs/chatapp/core.cljs to resources/public/js/chatapp/core.cljs
[32mSuccessfully compiled "resources/public/js/main.js" in 0.479 seconds.[0m
notifying browser that file changed:  resources/public/js/goog/deps.js
notifying browser that file changed:  resources/public/js/cljs_deps.js
notifying browser that file changed:  out/chatapp/core.js
[0mCompiling "resources/public/js/main.js" from ["src/cljs"]...[0m
Compiling src/cljs/chatapp/core.cljs
Copying file:/Users/lbuckley/Development/chatapp/src/cljs/chatapp/core.cljs to resources/public/js/chatapp/core.cljs
[32mSuccessfully compiled "resources/public/js/main.js" in 0.487 seconds.[0m
notifying browser that file changed:  out/chatapp/core.js
[0mCompiling "resources/public/js/main.js" from ["src/cljs"]...[0m
Compiling src/cljs/chatapp/core.cljs
Copying file:/Users/lbuckley/Development/chatapp/src/cljs/chatapp/core.cljs to resources/public/js/chatapp/core.cljs
[32mSuccessfully compiled "resources/public/js/main.js" in 0.429 seconds.[0m
notifying browser that file changed:  resources/public/js/cljs_deps.js
notifying browser that file changed:  out/chatapp/core.js
[0mCompiling "resources/public/js/main.js" from ["src/cljs"]...[0m
Compiling src/cljs/chatapp/core.cljs
Copying file:/Users/lbuckley/Development/chatapp/src/cljs/chatapp/core.cljs to resources/public/js/chatapp/core.cljs
[32mSuccessfully compiled "resources/public/js/main.js" in 0.418 seconds.[0m
notifying browser that file changed:  resources/public/js/cljs_deps.js
notifying browser that file changed:  out/chatapp/core.js
[0mCompiling "resources/public/js/main.js" from ["src/cljs"]...[0m
Compiling src/cljs/chatapp/core.cljs
[36m----  Compiler Warning on   src/cljs/chatapp/core.cljs   line:69  column:4  ----[0m

  [1mUse of undeclared Var chatapp.core/listen-for-server-messages![0m

  [36m65[0m  [36m      ^{:key m} [message m])[0m
  [36m66[0m  [36m    [new-message]]])[0m
  [36m67[0m  [36m[0m
  [36m68[0m  [36m(defn start [][0m
  [33m69[0m  [1m  (listen-for-server-messages!)[0m
  [0m  [0m  [33m   ^--- Use of undeclared Var chatapp.core/listen-for-server-messages![0m
  [36m70[0m  [36m  (r/render-component[0m
  [36m71[0m  [36m   [message-list][0m
  [36m72[0m  [36m   (.getElementById js/document "app")))[0m
  [36m73[0m  [36m[0m
  [36m74[0m  [36m(start)[0m

[36m----  Compiler Warning : Please see src/cljs/chatapp/core.cljs  ----[0m
Copying file:/Users/lbuckley/Development/chatapp/src/cljs/chatapp/core.cljs to resources/public/js/chatapp/core.cljs
[32mSuccessfully compiled "resources/public/js/main.js" in 0.453 seconds.[0m
notifying browser that file changed:  out/chatapp/core.js
[0mCompiling "resources/public/js/main.js" from ["src/cljs"]...[0m
Compiling src/cljs/chatapp/core.cljs
[36m----  Compiler Warning on   src/cljs/chatapp/core.cljs   line:69  column:4  ----[0m

  [1mUse of undeclared Var chatapp.core/listen-for-server-messages![0m

  [36m65[0m  [36m      ^{:key m} [message m])[0m
  [36m66[0m  [36m    [new-message]]])[0m
  [36m67[0m  [36m[0m
  [36m68[0m  [36m(defn start [][0m
  [33m69[0m  [1m  (listen-for-server-messages!)[0m
  [0m  [0m  [33m   ^--- Use of undeclared Var chatapp.core/listen-for-server-messages![0m
  [36m70[0m  [36m  (r/render-component[0m
  [36m71[0m  [36m   [message-list][0m
  [36m72[0m  [36m   (.getElementById js/document "app")))[0m
  [36m73[0m  [36m[0m
  [36m74[0m  [36m(start)[0m

[36m----  Compiler Warning : Please see src/cljs/chatapp/core.cljs  ----[0m
Copying file:/Users/lbuckley/Development/chatapp/src/cljs/chatapp/core.cljs to resources/public/js/chatapp/core.cljs
[32mSuccessfully compiled "resources/public/js/main.js" in 0.448 seconds.[0m
notifying browser that file changed:  out/chatapp/core.js
[0mCompiling "resources/public/js/main.js" from ["src/cljs"]...[0m
Compiling src/cljs/chatapp/core.cljs
Copying file:/Users/lbuckley/Development/chatapp/src/cljs/chatapp/core.cljs to resources/public/js/chatapp/core.cljs
[32mSuccessfully compiled "resources/public/js/main.js" in 0.454 seconds.[0m
notifying browser that file changed:  out/chatapp/core.js
[0mCompiling "resources/public/js/main.js" from ["src/cljs"]...[0m
Compiling src/cljs/chatapp/core.cljs
Copying file:/Users/lbuckley/Development/chatapp/src/cljs/chatapp/core.cljs to resources/public/js/chatapp/core.cljs
[32mSuccessfully compiled "resources/public/js/main.js" in 0.44 seconds.[0m
notifying browser that file changed:  out/chatapp/core.js
[0mCompiling "resources/public/js/main.js" from ["src/cljs"]...[0m
Compiling src/cljs/chatapp/core.cljs
Copying file:/Users/lbuckley/Development/chatapp/src/cljs/chatapp/core.cljs to resources/public/js/chatapp/core.cljs
[32mSuccessfully compiled "resources/public/js/main.js" in 0.459 seconds.[0m
notifying browser that file changed:  resources/public/js/cljs_deps.js
notifying browser that file changed:  out/chatapp/core.js
[0mCompiling "resources/public/js/main.js" from ["src/cljs"]...[0m
Compiling src/cljs/chatapp/core.cljs
Copying file:/Users/lbuckley/Development/chatapp/src/cljs/chatapp/core.cljs to resources/public/js/chatapp/core.cljs
[32mSuccessfully compiled "resources/public/js/main.js" in 0.405 seconds.[0m
notifying browser that file changed:  resources/public/js/cljs_deps.js
notifying browser that file changed:  out/chatapp/core.js
[0mCompiling "resources/public/js/main.js" from ["src/cljs"]...[0m
Compiling src/cljs/chatapp/core.cljs
Copying file:/Users/lbuckley/Development/chatapp/src/cljs/chatapp/core.cljs to resources/public/js/chatapp/core.cljs
[32mSuccessfully compiled "resources/public/js/main.js" in 0.425 seconds.[0m
notifying browser that file changed:  resources/public/js/cljs_deps.js
notifying browser that file changed:  out/chatapp/core.js
